<?xml version="1.0" encoding="UTF-8"?>
<!-- Generated by org.testng.reporters.JUnitXMLReporter -->
<testsuite hostname="VI-TENXLABS05" name="ClientMasterTests" tests="2" failures="0" timestamp="9 Jun 2016 11:50:30 GMT" time="136.628" errors="0">
  <testcase name="test" time="23.56" classname="com.viteos.veda.master.clienttestscripts.ClientMaster_MakerOperations_TC1"/>
  <testcase name="testCheckerOperations" time="91.525" classname="com.viteos.veda.master.clienttestscripts.ClientMaster_CheckerOperations_TC2"/>
</testsuite> <!-- ClientMasterTests -->
