<?xml version="1.0" encoding="UTF-8"?>
<!-- Generated by org.testng.reporters.JUnitXMLReporter -->
<testsuite hostname="VI-TENXLAB1" name="ClientTests" tests="2" failures="0" timestamp="25 Dec 2015 00:05:33 GMT" time="239.54" errors="0">
  <testcase name="addNewLegalEntity" time="180.903" classname="com.viteos.veda.master.legalentitytestscripts.LegalEntityMaster_MakerOperations_TC1"/>
  <testcase name="testCheckerOperations" time="36.572" classname="com.viteos.veda.master.legalentitytestscripts.LegalEntityMaster_CheckerOperations_TC2"/>
</testsuite> <!-- ClientTests -->
